(node:49351) ExperimentalWarning: CommonJS module /opt/homebrew/lib/node_modules/npm/node_modules/debug/src/node.js is loading ES Module /opt/homebrew/lib/node_modules/npm/node_modules/supports-color/index.js using require().
Support for loading ES Module in require() is an experimental feature and might change at any time
(Use `node --trace-warnings ...` to show where the warning was created)
Found multiple CONVEX_URL environment variables in .env.local so cannot update automatically.
✔ Provisioned a dev deployment and saved its name as CONVEX_DEPLOYMENT to .env.local

Write your Convex functions in convex/
Give us feedback at https://convex.dev/community or support@convex.dev
View the Convex dashboard at https://dashboard.convex.dev/d/basic-stoat-666

- Preparing Convex functions...

✔ 16:34:08 Convex functions ready! (2.3s)
8/24/2025, 4:37:42 PM [CONVEX M(repositories:triggerAnalyze)] Could not find public function for 'repositories:triggerAnalyze'. Did you forget to run `npx convex dev` or `npx convex deploy`?

- Preparing Convex functions...

✔ 17:18:14 Convex functions ready! (4.09s)
- Preparing Convex functions...

✔ 17:18:35 Convex functions ready! (3.55s)
8/24/2025, 6:53:20 PM [CONVEX M(repositories:triggerAnalyze)] [LOG] 'Regeneration job created, client will trigger Cloud Run service'
- Preparing Convex functions...

✔ 19:06:39 Convex functions ready! (10.52s)
8/24/2025, 7:09:49 PM [CONVEX M(repositories:triggerAnalyze)] [LOG] 'Regeneration job created, client will trigger Cloud Run service'
- Preparing Convex functions...

✔ 19:31:19 Convex functions ready! (4.55s)
- Preparing Convex functions...

✔ 19:31:30 Convex functions ready! (4.5s)
- Preparing Convex functions...

✖ TypeScript typecheck via `tsc` failed.
To ignore failing typecheck, use `--typecheck=disable`.
- Collecting TypeScript errors

[96mconvex/docs.ts[0m:[93m154[0m:[93m13[0m - [91merror[0m[90m TS2353: [0mObject literal may only specify known properties, and 'normalizedAt' does not exist in type 'PatchValue<{ _id: Id<"docs">; _creationTime: number; createdAt: number; repositoryId: Id<"repositories">; jobId: Id<"jobs">; slug: string; title: string; chapterIndex: number; content: string; kind: "chapter" | ... 2 more ... | "yaml"; }>'.

[7m154[0m             normalizedAt: Date.now()
[7m   [0m [91m            ~~~~~~~~~~~~[0m

Found 1 error in convex/docs.ts[90m:154[0m
- Preparing Convex functions...

✖ TypeScript typecheck via `tsc` failed.
To ignore failing typecheck, use `--typecheck=disable`.
- Collecting TypeScript errors

[96mconvex/docs.ts[0m:[93m124[0m:[93m13[0m - [91merror[0m[90m TS2353: [0mObject literal may only specify known properties, and 'updatedAt' does not exist in type 'PatchValue<{ _id: Id<"docs">; _creationTime: number; createdAt: number; repositoryId: Id<"repositories">; jobId: Id<"jobs">; slug: string; title: string; chapterIndex: number; content: string; kind: "chapter" | ... 2 more ... | "yaml"; } | { ...; } | { ...; } | { ...; }>'.

[7m124[0m             updatedAt: Date.now(),
[7m   [0m [91m            ~~~~~~~~~[0m
[96mconvex/docs.ts[0m:[93m142[0m:[93m11[0m - [91merror[0m[90m TS2353: [0mObject literal may only specify known properties, and 'sourceKey' does not exist in type '{ createdAt: number; repositoryId: Id<"repositories">; jobId: Id<"jobs">; slug: string; title: string; chapterIndex: number; content: string; kind: "chapter" | "tutorial" | "toc" | "yaml"; }'.

[7m142[0m           sourceKey,
[7m   [0m [91m          ~~~~~~~~~[0m
[96mconvex/docs.ts[0m:[93m161[0m:[93m7[0m - [91merror[0m[90m TS2353: [0mObject literal may only specify known properties, and 'runId' does not exist in type 'PatchValue<{ _id: Id<"jobs">; _creationTime: number; progress?: string | undefined; currentStep?: number | undefined; totalSteps?: number | undefined; result?: any; error?: string | undefined; ... 8 more ...; callbackToken: string; }>'.

[7m161[0m       runId: args.runId,
[7m   [0m [91m      ~~~~~[0m

[96mconvex/docs.ts[0m:[93m235[0m:[93m13[0m - [91merror[0m[90m TS2353: [0mObject literal may only specify known properties, and 'normalizedAt' does not exist in type 'PatchValue<{ _id: Id<"docs">; _creationTime: number; createdAt: number; repositoryId: Id<"repositories">; jobId: Id<"jobs">; slug: string; title: string; chapterIndex: number; content: string; kind: "chapter" | ... 2 more ... | "yaml"; }>'.

[7m235[0m             normalizedAt: Date.now()
[7m   [0m [91m            ~~~~~~~~~~~~[0m

Found 4 errors in the same file, starting at: convex/docs.ts[90m:124[0m
- Preparing Convex functions...

✖ TypeScript typecheck via `tsc` failed.
To ignore failing typecheck, use `--typecheck=disable`.
- Collecting TypeScript errors

[96mconvex/docs.ts[0m:[93m124[0m:[93m13[0m - [91merror[0m[90m TS2353: [0mObject literal may only specify known properties, and 'updatedAt' does not exist in type 'PatchValue<{ _id: Id<"docs">; _creationTime: number; createdAt: number; repositoryId: Id<"repositories">; jobId: Id<"jobs">; slug: string; title: string; chapterIndex: number; content: string; kind: "chapter" | ... 2 more ... | "yaml"; } | { ...; } | { ...; } | { ...; }>'.

[7m124[0m             updatedAt: Date.now(),
[7m   [0m [91m            ~~~~~~~~~[0m
[96mconvex/docs.ts[0m:[93m142[0m:[93m11[0m - [91merror[0m[90m TS2353: [0mObject literal may only specify known properties, and 'sourceKey' does not exist in type '{ createdAt: number; repositoryId: Id<"repositories">; jobId: Id<"jobs">; slug: string; title: string; chapterIndex: number; content: string; kind: "chapter" | "tutorial" | "toc" | "yaml"; }'.

[7m142[0m           sourceKey,
[7m   [0m [91m          ~~~~~~~~~[0m
[96mconvex/docs.ts[0m:[93m161[0m:[93m7[0m - [91merror[0m[90m TS2353: [0mObject literal may only specify known properties, and 'runId' does not exist in type 'PatchValue<{ _id: Id<"jobs">; _creationTime: number; progress?: string | undefined; currentStep?: number | undefined; totalSteps?: number | undefined; result?: any; error?: string | undefined; ... 8 more ...; callbackToken: string; }>'.

[7m161[0m       runId: args.runId,
[7m   [0m [91m      ~~~~~[0m
[96mconvex/docs.ts[0m:[93m235[0m:[93m13[0m - [91merror[0m[90m TS2353: [0mObject literal may only specify known properties, and 'normalizedAt' does not exist in type 'PatchValue<{ _id: Id<"docs">; _creationTime: number; createdAt: number; repositoryId: Id<"repositories">; jobId: Id<"jobs">; slug: string; title: string; chapterIndex: number; content: string; kind: "chapter" | ... 2 more ... | "yaml"; }>'.

[7m235[0m             normalizedAt: Date.now()
[7m   [0m [91m            ~~~~~~~~~~~~[0m
[96mconvex/docs.ts[0m:[93m352[0m:[93m51[0m - [91merror[0m[90m TS2345: [0mArgument of type 'Id<"jobs"> | undefined' is not assignable to parameter of type 'Id<"jobs">'.
  Type 'undefined' is not assignable to type 'Id<"jobs">'.
    Type 'undefined' is not assignable to type 'string'.

[7m352[0m         .withIndex("by_job", (q) => q.eq("jobId", args.jobId))
[7m   [0m [91m                                                  ~~~~~~~~~~[0m

Found 5 errors in the same file, starting at: convex/docs.ts[90m:124[0m
- Preparing Convex functions...

✖ TypeScript typecheck via `tsc` failed.
To ignore failing typecheck, use `--typecheck=disable`.
- Collecting TypeScript errors

[96mconvex/docs.ts[0m:[93m124[0m:[93m13[0m - [91merror[0m[90m TS2353: [0mObject literal may only specify known properties, and 'updatedAt' does not exist in type 'PatchValue<{ _id: Id<"docs">; _creationTime: number; createdAt: number; repositoryId: Id<"repositories">; jobId: Id<"jobs">; slug: string; title: string; chapterIndex: number; content: string; kind: "chapter" | ... 2 more ... | "yaml"; } | { ...; } | { ...; } | { ...; }>'.

[7m124[0m             updatedAt: Date.now(),
[7m   [0m [91m            ~~~~~~~~~[0m
[96mconvex/docs.ts[0m:[93m142[0m:[93m11[0m - [91merror[0m[90m TS2353: [0mObject literal may only specify known properties, and 'sourceKey' does not exist in type '{ createdAt: number; repositoryId: Id<"repositories">; jobId: Id<"jobs">; slug: string; title: string; chapterIndex: number; content: string; kind: "chapter" | "tutorial" | "toc" | "yaml"; }'.

[7m142[0m           sourceKey,
[7m   [0m [91m          ~~~~~~~~~[0m
[96mconvex/docs.ts[0m:[93m235[0m:[93m13[0m - [91merror[0m[90m TS2353: [0mObject literal may only specify known properties, and 'normalizedAt' does not exist in type 'PatchValue<{ _id: Id<"docs">; _creationTime: number; createdAt: number; repositoryId: Id<"repositories">; jobId: Id<"jobs">; slug: string; title: string; chapterIndex: number; content: string; kind: "chapter" | ... 2 more ... | "yaml"; }>'.

[7m235[0m             normalizedAt: Date.now()
[7m   [0m [91m            ~~~~~~~~~~~~[0m

[96mconvex/docs.ts[0m:[93m352[0m:[93m51[0m - [91merror[0m[90m TS2345: [0mArgument of type 'Id<"jobs"> | undefined' is not assignable to parameter of type 'Id<"jobs">'.
  Type 'undefined' is not assignable to type 'Id<"jobs">'.
    Type 'undefined' is not assignable to type 'string'.

[7m352[0m         .withIndex("by_job", (q) => q.eq("jobId", args.jobId))
[7m   [0m [91m                                                  ~~~~~~~~~~[0m

Found 4 errors in the same file, starting at: convex/docs.ts[90m:124[0m
- Preparing Convex functions...

✖ TypeScript typecheck via `tsc` failed.
To ignore failing typecheck, use `--typecheck=disable`.
- Collecting TypeScript errors

[96mconvex/docs.ts[0m:[93m352[0m:[93m51[0m - [91merror[0m[90m TS2345: [0mArgument of type 'Id<"jobs"> | undefined' is not assignable to parameter of type 'Id<"jobs">'.
  Type 'undefined' is not assignable to type 'Id<"jobs">'.
    Type 'undefined' is not assignable to type 'string'.

[7m352[0m         .withIndex("by_job", (q) => q.eq("jobId", args.jobId))
[7m   [0m [91m                                                  ~~~~~~~~~~[0m

Found 1 error in convex/docs.ts[90m:352[0m
- Preparing Convex functions...

✖ TypeScript typecheck via `tsc` failed.
To ignore failing typecheck, use `--typecheck=disable`.
- Collecting TypeScript errors

[96mconvex/docs.ts[0m:[93m352[0m:[93m51[0m - [91merror[0m[90m TS2345: [0mArgument of type 'Id<"jobs"> | undefined' is not assignable to parameter of type 'Id<"jobs">'.
  Type 'undefined' is not assignable to type 'Id<"jobs">'.
    Type 'undefined' is not assignable to type 'string'.

[7m352[0m         .withIndex("by_job", (q) => q.eq("jobId", args.jobId))
[7m   [0m [91m                                                  ~~~~~~~~~~[0m

Found 1 error in convex/docs.ts[90m:352[0m
- Preparing Convex functions...

✔ Added table indexes:
  [+] docs.by_source_key ["sourceKey","_creationTime"]
Pushing code to your deployment...
✔ Schema validation complete.
Downloading current deployment state...
Diffing local code and deployment state
Analyzing and deploying source code...
✔ 23:32:50 Convex functions ready! (3.87s)
8/24/2025, 10:32:44 PM [CONVEX Q(docs:listByJobId)] ArgumentValidationError: Value does not match validator.
Path: .jobId
Value: "k17cjhcq09xp5bj3b5qxxjqz60dj8c7j"
Validator: v.id("jobs")


8/24/2025, 10:32:44 PM [CONVEX Q(jobs:getById)] ArgumentValidationError: Value does not match validator.
Path: .id
Value: "k17cjhcq09xp5bj3b5qxxjqz60dj8c7j"
Validator: v.id("jobs")


8/24/2025, 10:35:31 PM [CONVEX Q(jobs:getById)] ArgumentValidationError: Value does not match validator.
Path: .id
Value: "k17cjhcq09xp5bj3b5qxxjqz60dj8c7j"
Validator: v.id("jobs")


8/24/2025, 10:35:31 PM [CONVEX Q(docs:listByJobId)] ArgumentValidationError: Value does not match validator.
Path: .jobId
Value: "k17cjhcq09xp5bj3b5qxxjqz60dj8c7j"
Validator: v.id("jobs")


8/24/2025, 10:36:46 PM [CONVEX Q(docs:listByJobId)] ArgumentValidationError: Value does not match validator.
Path: .jobId
Value: "k17cjhcq09xp5bj3b5qxxjqz60dj8c7j"
Validator: v.id("jobs")


8/24/2025, 10:36:46 PM [CONVEX Q(jobs:getById)] ArgumentValidationError: Value does not match validator.
Path: .id
Value: "k17cjhcq09xp5bj3b5qxxjqz60dj8c7j"
Validator: v.id("jobs")


8/24/2025, 10:40:19 PM [CONVEX Q(docs:listByJobId)] ArgumentValidationError: Value does not match validator.
Path: .jobId
Value: "k17cjhcq09xp5bj3b5qxxjqz60dj8c7j"
Validator: v.id("jobs")


8/24/2025, 10:40:19 PM [CONVEX Q(jobs:getById)] ArgumentValidationError: Value does not match validator.
Path: .id
Value: "k17cjhcq09xp5bj3b5qxxjqz60dj8c7j"
Validator: v.id("jobs")


8/24/2025, 10:44:13 PM [CONVEX Q(jobs:getById)] ArgumentValidationError: Value does not match validator.
Path: .id
Value: "k17cjhcq09xp5bj3b5qxxjqz60dj8c7j"
Validator: v.id("jobs")


8/24/2025, 10:44:13 PM [CONVEX Q(docs:listByJobId)] ArgumentValidationError: Value does not match validator.
Path: .jobId
Value: "k17cjhcq09xp5bj3b5qxxjqz60dj8c7j"
Validator: v.id("jobs")


8/24/2025, 11:09:26 PM [CONVEX Q(jobs:getById)] ArgumentValidationError: Value does not match validator.
Path: .id
Value: "k17cjhcq09xp5bj3b5qxxjqz60dj8c7j"
Validator: v.id("jobs")


8/24/2025, 11:09:26 PM [CONVEX Q(docs:listByJobId)] ArgumentValidationError: Value does not match validator.
Path: .jobId
Value: "k17cjhcq09xp5bj3b5qxxjqz60dj8c7j"
Validator: v.id("jobs")


8/24/2025, 11:33:07 PM [CONVEX M(docs:cleanupDuplicates)] [LOG] '[V7 Cleanup] Duplicate group:' {
  title: 'chapter_0_empty_repository_structure',
  kept: {
    id: 'jh79db2g1s2c50jbhdx4fw9fxh7p8r7c',
    slug: 'reviewed-chapters/chapter_0_empty_repository_structure.md',
    size: 3158
  },
  deleted: [
    {
      id: 'jh759g2f039z2k4v4k1snxdmzd7p9j5f',
      slug: 'chapters/chapter_0_empty_repository_structure.md',
      size: 0
    }
  ]
}
8/24/2025, 11:33:15 PM [CONVEX M(docs:cleanupDuplicates)] [LOG] '[V7 Cleanup] Duplicate group:' {
  title: 'chapter_0_empty_repository_structure',
  kept: {
    id: 'jh79db2g1s2c50jbhdx4fw9fxh7p8r7c',
    slug: 'reviewed-chapters/chapter_0_empty_repository_structure.md',
    size: 3158
  },
  deleted: [
    {
      id: 'jh759g2f039z2k4v4k1snxdmzd7p9j5f',
      slug: 'chapters/chapter_0_empty_repository_structure.md',
      size: 0
    }
  ]
}
8/24/2025, 11:42:30 PM [CONVEX M(docs:upsertFromJob)] ArgumentValidationError: Value does not match validator.
Path: .repositoryId
Value: "kq7ac3wc93n7mzhqpxjwbkbmph7pa5dh"
Validator: v.id("repositories")


8/24/2025, 11:42:54 PM [CONVEX M(docs:upsertFromJob)] [LOG] '[V7] Regeneration complete:' {
  inserted: 0,
  updated: 1,
  skipped: 0,
  rejected: 0,
  deleted: 4
}
8/24/2025, 11:46:34 PM [CONVEX M(repositories:triggerAnalyze)] [LOG] 'Regeneration job created, client will trigger Cloud Run service'
8/24/2025, 11:46:34 PM [CONVEX Q(jobs:getById)] ArgumentValidationError: Value does not match validator.
Path: .id
Value: "%5Bobject%20Object%5D"
Validator: v.id("jobs")


8/24/2025, 11:46:34 PM [CONVEX Q(docs:listByJobId)] ArgumentValidationError: Value does not match validator.
Path: .jobId
Value: "%5Bobject%20Object%5D"
Validator: v.id("jobs")


8/24/2025, 11:48:24 PM [CONVEX M(repositories:triggerAnalyze)] [LOG] 'Regeneration job created, client will trigger Cloud Run service'
8/24/2025, 11:48:24 PM [CONVEX Q(jobs:getById)] ArgumentValidationError: Value does not match validator.
Path: .id
Value: "%5Bobject%20Object%5D"
Validator: v.id("jobs")


8/24/2025, 11:48:24 PM [CONVEX Q(docs:listByJobId)] ArgumentValidationError: Value does not match validator.
Path: .jobId
Value: "%5Bobject%20Object%5D"
Validator: v.id("jobs")


8/24/2025, 11:50:00 PM [CONVEX M(repositories:triggerAnalyze)] [LOG] 'Regeneration job created, client will trigger Cloud Run service'
8/24/2025, 11:59:09 PM [CONVEX M(jobs:create)] Uncaught Error: A job is already running for this repository. Please wait for it to complete or cancel it first.
    at handler (../convex/jobs.ts:40:18)

8/25/2025, 12:01:28 AM [CONVEX M(jobs:clearAllStuckJobsForRepo)] ArgumentValidationError: Object is missing the required field `repositoryFullName`. Consider wrapping the field validator in `v.optional(...)` if this is expected.

Object: {repositoryId: "jd79bxznpbfxmp1a0c63j8k9xx7p5gjp"}
Validator: v.object({repositoryFullName: v.string()})


8/25/2025, 12:02:03 AM [CONVEX M(jobs:create)] [LOG] 'Job created, client will trigger Cloud Run service'
8/25/2025, 12:06:31 AM [CONVEX M(jobs:create)] [LOG] 'Job created, client will trigger Cloud Run service'
8/25/2025, 12:07:07 AM [CONVEX M(jobs:create)] [LOG] 'Job created, client will trigger Cloud Run service'
8/25/2025, 12:11:33 AM [CONVEX M(docs:upsertFromJob)] [WARN] '[V7] Duplicate in batch:' 'jd79bxznpbfxmp1a0c63j8k9xx7p5gjp:chapter_0_simple_file_structure.md:chapter_0_simple_file_structure'
8/25/2025, 12:11:33 AM [CONVEX M(docs:upsertFromJob)] [LOG] '[V7] Regeneration complete:' {
  inserted: 5,
  updated: 0,
  skipped: 1,
  rejected: 0,
  deleted: 0
}
- Preparing Convex functions...

✔ 00:17:46 Convex functions ready! (3.66s)
- Preparing Convex functions...

✖ TypeScript typecheck via `tsc` failed.
To ignore failing typecheck, use `--typecheck=disable`.
- Collecting TypeScript errors

[96mconvex/docs.ts[0m:[93m170[0m:[93m53[0m - [91merror[0m[90m TS2304: [0mCannot find name 'internal'.

[7m170[0m         const cleanupResult = await ctx.runMutation(internal.docs.cleanupOldGenerations, {
[7m   [0m [91m                                                    ~~~~~~~~[0m

Found 1 error in convex/docs.ts[90m:170[0m
- Preparing Convex functions...

✖ TypeScript typecheck via `tsc` failed.
To ignore failing typecheck, use `--typecheck=disable`.
- Collecting TypeScript errors

[96mconvex/docs.ts[0m:[93m171[0m:[93m62[0m - [91merror[0m[90m TS2339: [0mProperty 'docs' does not exist on type '{ repositories: { getByGithubId: FunctionReference<"query", "internal", { userId: Id<"users">; githubRepoId: string; }, { _id: Id<"repositories">; _creationTime: number; description?: string | undefined; ... 4 more ...; defaultBranch: string; } | null, string | undefined>; create: FunctionReference<...>; update: Fun...'.

[7m171[0m         const cleanupResult = await ctx.runMutation(internal.docs.cleanupOldGenerations, {
[7m   [0m [91m                                                             ~~~~[0m

Found 1 error in convex/docs.ts[90m:171[0m
- Preparing Convex functions...

✔ 00:18:26 Convex functions ready! (3.42s)
8/25/2025, 12:18:41 AM [CONVEX M(docs:cleanupOldGenerations)] [LOG] '[Cleanup] Deleted 7 documents from 2 old jobs for repository jd79bxznpbfxmp1a0c63j8k9xx7p5gjp'
- Preparing Convex functions...

✔ 00:54:04 Convex functions ready! (3.77s)
- Preparing Convex functions...

✔ 00:59:40 Convex functions ready! (3.58s)
- Preparing Convex functions...

✔ 01:00:39 Convex functions ready! (2.78s)
- Preparing Convex functions...

✔ 01:03:14 Convex functions ready! (3.97s)
- Preparing Convex functions...

✔ 01:04:16 Convex functions ready! (3.64s)
- Preparing Convex functions...

✔ 01:07:50 Convex functions ready! (6.27s)
