Fondation Analyze Runner listening on port 8080
Environment: development
Mode: Full analyze command (30-60 minutes per job)
Starting analyze job j977nqv446cyfxhf73k1x64de97p9tf6 for repository https://github.com/Salwen92/test
Callback sent for job j977nqv446cyfxhf73k1x64de97p9tf6: progress - Cloning repository...
Cloning repository to /tmp/repos/j977nqv446cyfxhf73k1x64de97p9tf6
Callback sent for job j977nqv446cyfxhf73k1x64de97p9tf6: progress - Repository cloned. Starting AI analysis...
Running analyze command: cd /Users/salwen/Documents/Cyberscaling/fondation && bun run src/analyze-all.ts /tmp/repos/j977nqv446cyfxhf73k1x64de97p9tf6
Callback sent for job j977nqv446cyfxhf73k1x64de97p9tf6: progress - Extracting core abstractions
Callback sent for job j977nqv446cyfxhf73k1x64de97p9tf6: progress - Extracting core abstractions
Callback sent for job j977nqv446cyfxhf73k1x64de97p9tf6: progress - Analyzing component relationships
Callback sent for job j977nqv446cyfxhf73k1x64de97p9tf6: progress - Analyzing component relationships
Callback sent for job j977nqv446cyfxhf73k1x64de97p9tf6: progress - Determining chapter order
Callback sent for job j977nqv446cyfxhf73k1x64de97p9tf6: progress - Generating chapter content
Callback sent for job j977nqv446cyfxhf73k1x64de97p9tf6: progress - Generating chapter content
Callback sent for job j977nqv446cyfxhf73k1x64de97p9tf6: progress - Generating chapter content
Callback sent for job j977nqv446cyfxhf73k1x64de97p9tf6: progress - Generating chapter content
Callback sent for job j977nqv446cyfxhf73k1x64de97p9tf6: progress - Generating chapter content
Callback sent for job j977nqv446cyfxhf73k1x64de97p9tf6: progress - Generating chapter content
Callback sent for job j977nqv446cyfxhf73k1x64de97p9tf6: progress - Generating chapter content
Callback sent for job j977nqv446cyfxhf73k1x64de97p9tf6: progress - Generating chapter content
Callback sent for job j977nqv446cyfxhf73k1x64de97p9tf6: progress - Generating chapter content
Callback sent for job j977nqv446cyfxhf73k1x64de97p9tf6: progress - Reviewing and enhancing chapters
Callback sent for job j977nqv446cyfxhf73k1x64de97p9tf6: progress - Reviewing and enhancing chapters
Callback sent for job j977nqv446cyfxhf73k1x64de97p9tf6: progress - Reviewing and enhancing chapters
Callback sent for job j977nqv446cyfxhf73k1x64de97p9tf6: progress - Reviewing and enhancing chapters
Callback sent for job j977nqv446cyfxhf73k1x64de97p9tf6: progress - Creating interactive tutorials
Callback sent for job j977nqv446cyfxhf73k1x64de97p9tf6: progress - Creating interactive tutorials
Callback sent for job j977nqv446cyfxhf73k1x64de97p9tf6: progress - Creating interactive tutorials
Callback sent for job j977nqv446cyfxhf73k1x64de97p9tf6: progress - Creating interactive tutorials
Callback sent for job j977nqv446cyfxhf73k1x64de97p9tf6: progress - Creating interactive tutorials
Callback sent for job j977nqv446cyfxhf73k1x64de97p9tf6: progress - Creating interactive tutorials
Callback sent for job j977nqv446cyfxhf73k1x64de97p9tf6: progress - Creating interactive tutorials
Analyze completed in 285 seconds
Callback sent for job j977nqv446cyfxhf73k1x64de97p9tf6: progress - Analysis complete. Gathering output files...
Callback sent for job j977nqv446cyfxhf73k1x64de97p9tf6: complete - 
Job j977nqv446cyfxhf73k1x64de97p9tf6 completed successfully with 6 files
Cleaned up job j977nqv446cyfxhf73k1x64de97p9tf6
